生成启动时间为 2018/8/23 15:13:28。
     1>项目“C:\Users\a\Desktop\新建文件夹\CSharp_Join_CPlus\Win32Project\Win32Project.vcxproj”在节点 2 上(Rebuild 个目标)。
     1>ClCompile:
         C:\Program Files (x86)\Microsoft Visual Studio 11.0\VC\bin\CL.exe /c /ZI /nologo /W3 /WX- /sdl /Od /Oy- /D WIN32 /D _DEBUG /D _WINDOWS /D _USRDLL /D WIN32PROJECT_EXPORTS /D _WINDLL /D _UNICODE /D UNICODE /Gm /EHsc /RTC1 /MDd /GS /fp:precise /Zc:wchar_t /Zc:forScope /Yc"stdafx.h" /Fp"Debug\Win32Project.pch" /Fo"Debug\\" /Fd"Debug\vc110.pdb" /Gd /TP /analyze- /errorReport:prompt stdafx.cpp
         stdafx.cpp
         C:\Program Files (x86)\Microsoft Visual Studio 11.0\VC\bin\CL.exe /c /ZI /nologo /W3 /WX- /sdl /Od /Oy- /D WIN32 /D _DEBUG /D _WINDOWS /D _USRDLL /D WIN32PROJECT_EXPORTS /D _WINDLL /D _UNICODE /D UNICODE /Gm /EHsc /RTC1 /MDd /GS /fp:precise /Zc:wchar_t /Zc:forScope /Yu"stdafx.h" /Fp"Debug\Win32Project.pch" /Fo"Debug\\" /Fd"Debug\vc110.pdb" /Gd /TP /analyze- /errorReport:prompt CPlusThread.cpp Pub_Def.cpp Win32Project.cpp
         Win32Project.cpp
         Pub_Def.cpp
         CPlusThread.cpp
         正在生成代码...
         C:\Program Files (x86)\Microsoft Visual Studio 11.0\VC\bin\CL.exe /c /ZI /nologo /W3 /WX- /sdl /Od /Oy- /D WIN32 /D _DEBUG /D _WINDOWS /D _USRDLL /D WIN32PROJECT_EXPORTS /D _WINDLL /D _UNICODE /D UNICODE /Gm /EHsc /RTC1 /MDd /GS /fp:precise /Zc:wchar_t /Zc:forScope /Fo"Debug\\" /Fd"Debug\vc110.pdb" /Gd /TP /analyze- /errorReport:prompt dllmain.cpp
         dllmain.cpp
       Link:
         C:\Program Files (x86)\Microsoft Visual Studio 11.0\VC\bin\link.exe /ERRORREPORT:PROMPT /OUT:"C:\Users\a\Desktop\新建文件夹\CSharp_Join_CPlus\Debug\Win32Project.dll" /INCREMENTAL /NOLOGO kernel32.lib user32.lib gdi32.lib winspool.lib comdlg32.lib advapi32.lib shell32.lib ole32.lib oleaut32.lib uuid.lib odbc32.lib odbccp32.lib /MANIFEST /MANIFESTUAC:"level='asInvoker' uiAccess='false'" /manifest:embed /DEBUG /PDB:"C:\Users\a\Desktop\新建文件夹\CSharp_Join_CPlus\Debug\Win32Project.pdb" /SUBSYSTEM:WINDOWS /TLBID:1 /DYNAMICBASE /NXCOMPAT /IMPLIB:"C:\Users\a\Desktop\新建文件夹\CSharp_Join_CPlus\Debug\Win32Project.lib" /MACHINE:X86 /DLL Debug\CPlusThread.obj
         Debug\dllmain.obj
         Debug\Pub_Def.obj
         Debug\stdafx.obj
         Debug\Win32Project.obj
            正在创建库 C:\Users\a\Desktop\新建文件夹\CSharp_Join_CPlus\Debug\Win32Project.lib 和对象 C:\Users\a\Desktop\新建文件夹\CSharp_Join_CPlus\Debug\Win32Project.exp
         Win32Project.vcxproj -> C:\Users\a\Desktop\新建文件夹\CSharp_Join_CPlus\Debug\Win32Project.dll
     1>已完成生成项目“C:\Users\a\Desktop\新建文件夹\CSharp_Join_CPlus\Win32Project\Win32Project.vcxproj”(Rebuild 个目标)的操作。

生成成功。

已用时间 00:00:02.22
