C:\USERS\A\DESKTOP\新建文件夹\CSHARP_JOIN_CPLUS\WIN32PROJECT\DEBUG\WIN32PROJECT.PCH
C:\USERS\A\DESKTOP\新建文件夹\CSHARP_JOIN_CPLUS\WIN32PROJECT\DEBUG\STDAFX.OBJ
C:\USERS\A\DESKTOP\新建文件夹\CSHARP_JOIN_CPLUS\WIN32PROJECT\DEBUG\VC110.PDB
C:\USERS\A\DESKTOP\新建文件夹\CSHARP_JOIN_CPLUS\WIN32PROJECT\DEBUG\CPLUSTHREAD.OBJ
C:\USERS\A\DESKTOP\新建文件夹\CSHARP_JOIN_CPLUS\WIN32PROJECT\DEBUG\PUB_DEF.OBJ
C:\USERS\A\DESKTOP\新建文件夹\CSHARP_JOIN_CPLUS\WIN32PROJECT\DEBUG\WIN32PROJECT.OBJ
C:\USERS\A\DESKTOP\新建文件夹\CSHARP_JOIN_CPLUS\WIN32PROJECT\DEBUG\DLLMAIN.OBJ
C:\USERS\A\DESKTOP\新建文件夹\CSHARP_JOIN_CPLUS\DEBUG\WIN32PROJECT.ILK
C:\USERS\A\DESKTOP\新建文件夹\CSHARP_JOIN_CPLUS\DEBUG\WIN32PROJECT.DLL
C:\USERS\A\DESKTOP\新建文件夹\CSHARP_JOIN_CPLUS\DEBUG\WIN32PROJECT.PDB
C:\Users\a\Desktop\新建文件夹\CSharp_Join_CPlus\Debug\Win32Project.lib
C:\Users\a\Desktop\新建文件夹\CSharp_Join_CPlus\Debug\Win32Project.exp
C:\Users\a\Desktop\新建文件夹\CSharp_Join_CPlus\Win32Project\Debug\CPlusThread.obj
C:\Users\a\Desktop\新建文件夹\CSharp_Join_CPlus\Win32Project\Debug\dllmain.obj
C:\Users\a\Desktop\新建文件夹\CSharp_Join_CPlus\Win32Project\Debug\Pub_Def.obj
C:\Users\a\Desktop\新建文件夹\CSharp_Join_CPlus\Win32Project\Debug\stdafx.obj
C:\Users\a\Desktop\新建文件夹\CSharp_Join_CPlus\Win32Project\Debug\Win32Project.obj
C:\Users\a\Desktop\新建文件夹\CSharp_Join_CPlus\Win32Project\Debug\cl.command.1.tlog
C:\Users\a\Desktop\新建文件夹\CSharp_Join_CPlus\Win32Project\Debug\CL.read.1.tlog
C:\Users\a\Desktop\新建文件夹\CSharp_Join_CPlus\Win32Project\Debug\CL.write.1.tlog
C:\Users\a\Desktop\新建文件夹\CSharp_Join_CPlus\Win32Project\Debug\link-cvtres.read.1.tlog
C:\Users\a\Desktop\新建文件夹\CSharp_Join_CPlus\Win32Project\Debug\link-cvtres.write.1.tlog
C:\Users\a\Desktop\新建文件夹\CSharp_Join_CPlus\Win32Project\Debug\link-rc.read.1.tlog
C:\Users\a\Desktop\新建文件夹\CSharp_Join_CPlus\Win32Project\Debug\link-rc.write.1.tlog
C:\Users\a\Desktop\新建文件夹\CSharp_Join_CPlus\Win32Project\Debug\link.command.1.tlog
C:\Users\a\Desktop\新建文件夹\CSharp_Join_CPlus\Win32Project\Debug\link.read.1.tlog
C:\Users\a\Desktop\新建文件夹\CSharp_Join_CPlus\Win32Project\Debug\link.write.1.tlog
C:\Users\a\Desktop\新建文件夹\CSharp_Join_CPlus\Win32Project\Debug\Win32Project.write.1.tlog
C:\Users\a\Desktop\新建文件夹\CSharp_Join_CPlus\Win32Project\Debug\Win32Project.pch
C:\Users\a\Desktop\新建文件夹\CSharp_Join_CPlus\Win32Project\Debug\vc110.idb
C:\Users\a\Desktop\新建文件夹\CSharp_Join_CPlus\Win32Project\Debug\vc110.pdb
C:\Users\a\Desktop\新建文件夹\CSharp_Join_CPlus\Debug\Win32Project.pdb
C:\Users\a\Desktop\新建文件夹\CSharp_Join_CPlus\Debug\Win32Project.dll
C:\Users\a\Desktop\新建文件夹\CSharp_Join_CPlus\Debug\Win32Project.ilk
